Arguments: 
  /usr/local/bin/node /usr/local/bin/yarn start

PATH: 
  /Users/ravisavajiyani/anaconda3/bin:/usr/local/bin:/usr/bin:/bin:/usr/sbin:/sbin:/Users/ravisavajiyani/anaconda3/bin

Yarn version: 
  1.5.1

Node version: 
  8.9.3

Platform: 
  darwin x64

npm manifest: 
  {
    "name": "purple-math",
    "version": "1.0.0",
    "description": "My app description",
    "scripts": {
      "build": "webpack --display-error-details",
      "deploy": "npm test && git push heroku master",
      "postinstall": "npm run build",
      "start": "node server.js",
      "test": "npm run test:client && npm run test:server",
      "test:client": "mocha test/client --recursive --compilers js:babel-register",
      "test:server": "mocha test/server --recursive --compilers js:babel-register"
    },
    "dependencies": {
      "async": "^1.5.2",
      "babel-core": "^6.7.2",
      "babel-loader": "^6.2.4",
      "babel-plugin-react-transform": "^2.0.2",
      "babel-polyfill": "^6.7.2",
      "babel-preset-es2015": "^6.6.0",
      "babel-preset-react": "^6.5.0",
      "bcrypt-nodejs": "^0.0.3",
      "body-parser": "^1.15.1",
      "compression": "^1.6.2",
      "cookie-parser": "^1.4.1",
      "dotenv": "^2.0.0",
      "express": "^4.13.4",
      "express-handlebars": "^3.0.0",
      "express-validator": "^2.20.4",
      "jsonwebtoken": "^5.7.0",
      "moment": "^2.12.0",
      "mongoose": "^4.4.8",
      "morgan": "^1.7.0",
      "nodemailer": "^2.3.0",
      "react": "15.1.0",
      "react-cookie": "^0.4.5",
      "react-dom": "15.1.0",
      "react-redux": "4.4.1",
      "react-router": "^2.4.0",
      "react-transform-catch-errors": "^1.0.2",
      "react-transform-hmr": "^1.0.4",
      "redbox-react": "^1.2.4",
      "redux": "^3.3.1",
      "redux-logger": "^2.6.1",
      "redux-promise": "^0.5.3",
      "redux-thunk": "^2.0.1",
      "request": "^2.69.0",
      "webpack": "^1.12.14",
      "webpack-dev-middleware": "^1.6.1",
      "webpack-hot-middleware": "^2.10.0",
      "whatwg-fetch": "^0.11.0"
    },
    "devDependencies": {
      "babel-plugin-rewire": "1.0.0-rc-3",
      "babel-register": "^6.8.0",
      "chai": "^3.5.0",
      "enzyme": "^2.3.0",
      "fetch-mock": "3.0.2",
      "mocha": "^2.4.5",
      "react-addons-test-utils": "^15.0.2",
      "redux-mock-store": "^1.0.2",
      "sinon": "^1.17.3",
      "sinon-chai": "^2.8.0",
      "supertest": "^1.2.0"
    },
    "engines": {
      "node": "6.1.0"
    }
  }

yarn manifest: 
  No manifest

Lockfile: 
  No lockfile

Trace: 
  Error: Command failed.
  Exit code: 1
  Command: sh
  Arguments: -c node server.js
  Directory: /Users/ravisavajiyani/Downloads/megaboilerplate-app
  Output:
  
      at ProcessTermError.MessageError (/usr/local/lib/node_modules/yarn/lib/cli.js:186:110)
      at new ProcessTermError (/usr/local/lib/node_modules/yarn/lib/cli.js:226:113)
      at ChildProcess.<anonymous> (/usr/local/lib/node_modules/yarn/lib/cli.js:30281:17)
      at emitTwo (events.js:126:13)
      at ChildProcess.emit (events.js:214:7)
      at maybeClose (internal/child_process.js:925:16)
      at Process.ChildProcess._handle.onexit (internal/child_process.js:209:5)
